<?xml version="1.0" encoding="UTF-8"?>
<testng-results ignored="0" total="1" passed="1" failed="0" skipped="0">
  <reporter-output>
  </reporter-output>
  <suite started-at="2019-11-19T23:21:45Z" name="Default suite" finished-at="2019-11-19T23:21:54Z" duration-ms="8512">
    <groups>
    </groups>
    <test started-at="2019-11-19T23:21:45Z" name="Default test" finished-at="2019-11-19T23:21:54Z" duration-ms="8512">
      <class name="bytemare.tests.FillingForm">
        <test-method is-config="true" signature="setupMethod()[pri:0, instance:bytemare.tests.FillingForm@13c10b87]" started-at="2019-11-19T23:21:45Z" name="setupMethod" finished-at="2019-11-19T23:21:49Z" duration-ms="3848" status="PASS">
          <reporter-output>
          </reporter-output>
        </test-method> <!-- setupMethod -->
        <test-method signature="ApplicationTest1()[pri:0, instance:bytemare.tests.FillingForm@13c10b87]" started-at="2019-11-19T23:21:49Z" name="ApplicationTest1" finished-at="2019-11-19T23:21:54Z" duration-ms="4637" status="PASS">
          <reporter-output>
          </reporter-output>
        </test-method> <!-- ApplicationTest1 -->
        <test-method is-config="true" signature="tearDownMethod(org.testng.ITestResult)[pri:0, instance:bytemare.tests.FillingForm@13c10b87]" started-at="2019-11-19T23:21:54Z" name="tearDownMethod" finished-at="2019-11-19T23:21:54Z" duration-ms="2" status="PASS">
          <params>
            <param index="0">
              <value>
                <![CDATA[[TestResult name=ApplicationTest1 status=SUCCESS method=FillingForm.ApplicationTest1()[pri:0, instance:bytemare.tests.FillingForm@13c10b87] output={null}]]]>
              </value>
            </param>
          </params>
          <reporter-output>
          </reporter-output>
        </test-method> <!-- tearDownMethod -->
      </class> <!-- bytemare.tests.FillingForm -->
    </test> <!-- Default test -->
  </suite> <!-- Default suite -->
</testng-results>
