<?xml version="1.0" encoding="UTF-8"?>
<testng-results ignored="0" total="1" passed="1" failed="0" skipped="0">
  <reporter-output>
  </reporter-output>
  <suite started-at="2019-11-05T17:39:19Z" name="Default suite" finished-at="2019-11-05T17:39:30Z" duration-ms="10702">
    <groups>
    </groups>
    <test started-at="2019-11-05T17:39:19Z" name="Default test" finished-at="2019-11-05T17:39:30Z" duration-ms="10702">
      <class name="bytemare.tests.FillingForm">
        <test-method is-config="true" signature="setupMethod()[pri:0, instance:bytemare.tests.FillingForm@f8c1ddd]" started-at="2019-11-05T17:39:19Z" name="setupMethod" finished-at="2019-11-05T17:39:23Z" duration-ms="3603" status="PASS">
          <reporter-output>
          </reporter-output>
        </test-method> <!-- setupMethod -->
        <test-method signature="ApplicationTest1()[pri:0, instance:bytemare.tests.FillingForm@f8c1ddd]" started-at="2019-11-05T17:39:23Z" name="ApplicationTest1" finished-at="2019-11-05T17:39:29Z" duration-ms="6500" status="PASS">
          <reporter-output>
          </reporter-output>
        </test-method> <!-- ApplicationTest1 -->
        <test-method is-config="true" signature="tearDownMethod(org.testng.ITestResult)[pri:0, instance:bytemare.tests.FillingForm@f8c1ddd]" started-at="2019-11-05T17:39:29Z" name="tearDownMethod" finished-at="2019-11-05T17:39:30Z" duration-ms="578" status="PASS">
          <params>
            <param index="0">
              <value>
                <![CDATA[[TestResult name=ApplicationTest1 status=SUCCESS method=FillingForm.ApplicationTest1()[pri:0, instance:bytemare.tests.FillingForm@f8c1ddd] output={null}]]]>
              </value>
            </param>
          </params>
          <reporter-output>
          </reporter-output>
        </test-method> <!-- tearDownMethod -->
      </class> <!-- bytemare.tests.FillingForm -->
    </test> <!-- Default test -->
  </suite> <!-- Default suite -->
</testng-results>
